<?xml version="1.0" encoding="UTF-8"?>
<testng-results ignored="0" total="1" passed="0" failed="1" skipped="0">
  <reporter-output>
  </reporter-output>
  <suite started-at="2021-10-22T13:14:30 IST" name="Suite" finished-at="2021-10-22T13:15:10 IST" duration-ms="39506">
    <groups>
    </groups>
    <test started-at="2021-10-22T13:14:30 IST" name="Test" finished-at="2021-10-22T13:15:10 IST" duration-ms="39506">
      <class name="com.productsup.platform.tests.NavigationMenuOptionsTest">
        <test-method is-config="true" signature="setUp([Ljava.lang.Object;)[pri:0, instance:com.productsup.platform.tests.NavigationMenuOptionsTest@6e0dec4a]" started-at="2021-10-22T13:14:31 IST" name="setUp" finished-at="2021-10-22T13:14:38 IST" duration-ms="6750" status="PASS">
          <params>
            <param index="0">
              <value>
                <![CDATA[[Ljava.lang.Object;@4a67318f]]>
              </value>
            </param>
          </params>
          <reporter-output>
          </reporter-output>
        </test-method> <!-- setUp -->
        <test-method signature="validatePlatformOptions(java.util.Map)[pri:0, instance:com.productsup.platform.tests.NavigationMenuOptionsTest@6e0dec4a]" started-at="2021-10-22T13:14:38 IST" name="validatePlatformOptions" description="To validate various menu options available at different hirrearchies on the platfrom" data-provider="getData" finished-at="2021-10-22T13:15:08 IST" duration-ms="30690" status="FAIL">
          <params>
            <param index="0">
              <value>
                <![CDATA[{Execute=yes, Site_Name=Fashion, TestCase=validatePlatformOptions, Platform_Hierrarchy=Site, Product_Attrribute=, Rule_Box=, Apply_Rulebox_At=, Dataview_Template=, Project_Name=Global Feeds, Browser=chrome}]]>
              </value>
            </param>
          </params>
          <exception class="java.lang.AssertionError">
            <message>
              <![CDATA[
Expecting ArrayList:
  ["Project",
    "Dashboard",
    "Authentication",
    "Monitor",
    "Activity",
    "Order Sync",
    "Reporting",
    "Settings"]
to contain:
  ["Dashboard",
    "Data Map",
    "Authentication",
    "Data Sources",
    "Data Services",
    "Exports A/B",
    "Designer",
    "Dataflow",
    "Data View",
    "Lists",
    "ROI Strategy",
    "Error Log",
    "Monitor",
    "Activity",
    "Tracking",
    "Settings"]
but could not find the following element(s):
  ["Data Map",
    "Data Sources",
    "Data Services",
    "Exports A/B",
    "Designer",
    "Dataflow",
    "Data View",
    "Lists",
    "ROI Strategy",
    "Error Log",
    "Tracking"]
]]>
            </message>
            <full-stacktrace>
              <![CDATA[java.lang.AssertionError: 
Expecting ArrayList:
  ["Project",
    "Dashboard",
    "Authentication",
    "Monitor",
    "Activity",
    "Order Sync",
    "Reporting",
    "Settings"]
to contain:
  ["Dashboard",
    "Data Map",
    "Authentication",
    "Data Sources",
    "Data Services",
    "Exports A/B",
    "Designer",
    "Dataflow",
    "Data View",
    "Lists",
    "ROI Strategy",
    "Error Log",
    "Monitor",
    "Activity",
    "Tracking",
    "Settings"]
but could not find the following element(s):
  ["Data Map",
    "Data Sources",
    "Data Services",
    "Exports A/B",
    "Designer",
    "Dataflow",
    "Data View",
    "Lists",
    "ROI Strategy",
    "Error Log",
    "Tracking"]

at com.productsup.platform.tests.NavigationMenuOptionsTest.validatePlatformOptions(NavigationMenuOptionsTest.java:23)
at java.base/jdk.internal.reflect.NativeMethodAccessorImpl.invoke0(Native Method)
at java.base/jdk.internal.reflect.NativeMethodAccessorImpl.invoke(NativeMethodAccessorImpl.java:78)
at java.base/jdk.internal.reflect.DelegatingMethodAccessorImpl.invoke(DelegatingMethodAccessorImpl.java:43)
at java.base/java.lang.reflect.Method.invoke(Method.java:567)
at org.testng.internal.MethodInvocationHelper.invokeMethod(MethodInvocationHelper.java:133)
at org.testng.internal.TestInvoker.invokeMethod(TestInvoker.java:598)
at org.testng.internal.TestInvoker.invokeTestMethod(TestInvoker.java:173)
at org.testng.internal.MethodRunner.runInSequence(MethodRunner.java:46)
at org.testng.internal.TestInvoker$MethodInvocationAgent.invoke(TestInvoker.java:824)
at org.testng.internal.TestInvoker.invokeTestMethods(TestInvoker.java:146)
at org.testng.internal.TestMethodWorker.invokeTestMethods(TestMethodWorker.java:146)
at org.testng.internal.TestMethodWorker.run(TestMethodWorker.java:128)
at java.base/java.util.concurrent.ThreadPoolExecutor.runWorker(ThreadPoolExecutor.java:1130)
at java.base/java.util.concurrent.ThreadPoolExecutor$Worker.run(ThreadPoolExecutor.java:630)
at java.base/java.lang.Thread.run(Thread.java:831)
]]>
            </full-stacktrace>
          </exception> <!-- java.lang.AssertionError -->
          <reporter-output>
          </reporter-output>
        </test-method> <!-- validatePlatformOptions -->
        <test-method is-config="true" signature="tearDown()[pri:0, instance:com.productsup.platform.tests.NavigationMenuOptionsTest@6e0dec4a]" started-at="2021-10-22T13:15:09 IST" name="tearDown" finished-at="2021-10-22T13:15:10 IST" duration-ms="1089" status="PASS">
          <reporter-output>
          </reporter-output>
        </test-method> <!-- tearDown -->
      </class> <!-- com.productsup.platform.tests.NavigationMenuOptionsTest -->
    </test> <!-- Test -->
  </suite> <!-- Suite -->
</testng-results>
