<?xml version="1.0" encoding="UTF-8"?>
<!-- Generated by org.testng.reporters.JUnitReportReporter -->
<testsuite hostname="Kishores-MacBook-Air.local" failures="1" tests="1" name="com.productsup.platform.tests.NavigationMenuOptionsTest" time="38.529" errors="0" timestamp="2021-10-22T13:15:16 IST" skipped="0">
  <testcase classname="com.productsup.platform.tests.NavigationMenuOptionsTest" name="validatePlatformOptions" time="38.529">
    <failure message="
Expecting ArrayList:
  [&quot;Project&quot;,
    &quot;Dashboard&quot;,
    &quot;Authentication&quot;,
    &quot;Monitor&quot;,
    &quot;Activity&quot;,
    &quot;Order Sync&quot;,
    &quot;Reporting&quot;,
    &quot;Settings&quot;]
to contain:
  [&quot;Dashboard&quot;,
    &quot;Data Map&quot;,
    &quot;Authentication&quot;,
    &quot;Data Sources&quot;,
    &quot;Data Services&quot;,
    &quot;Exports A/B&quot;,
    &quot;Designer&quot;,
    &quot;Dataflow&quot;,
    &quot;Data View&quot;,
    &quot;Lists&quot;,
    &quot;ROI Strategy&quot;,
    &quot;Error Log&quot;,
    &quot;Monitor&quot;,
    &quot;Activity&quot;,
    &quot;Tracking&quot;,
    &quot;Settings&quot;]
but could not find the following element(s):
  [&quot;Data Map&quot;,
    &quot;Data Sources&quot;,
    &quot;Data Services&quot;,
    &quot;Exports A/B&quot;,
    &quot;Designer&quot;,
    &quot;Dataflow&quot;,
    &quot;Data View&quot;,
    &quot;Lists&quot;,
    &quot;ROI Strategy&quot;,
    &quot;Error Log&quot;,
    &quot;Tracking&quot;]
" type="java.lang.AssertionError">
      <![CDATA[java.lang.AssertionError: 
Expecting ArrayList:
  ["Project",
    "Dashboard",
    "Authentication",
    "Monitor",
    "Activity",
    "Order Sync",
    "Reporting",
    "Settings"]
to contain:
  ["Dashboard",
    "Data Map",
    "Authentication",
    "Data Sources",
    "Data Services",
    "Exports A/B",
    "Designer",
    "Dataflow",
    "Data View",
    "Lists",
    "ROI Strategy",
    "Error Log",
    "Monitor",
    "Activity",
    "Tracking",
    "Settings"]
but could not find the following element(s):
  ["Data Map",
    "Data Sources",
    "Data Services",
    "Exports A/B",
    "Designer",
    "Dataflow",
    "Data View",
    "Lists",
    "ROI Strategy",
    "Error Log",
    "Tracking"]

at com.productsup.platform.tests.NavigationMenuOptionsTest.validatePlatformOptions(NavigationMenuOptionsTest.java:23)
at java.base/jdk.internal.reflect.NativeMethodAccessorImpl.invoke0(Native Method)
at java.base/jdk.internal.reflect.NativeMethodAccessorImpl.invoke(NativeMethodAccessorImpl.java:78)
at java.base/jdk.internal.reflect.DelegatingMethodAccessorImpl.invoke(DelegatingMethodAccessorImpl.java:43)
at java.base/java.lang.reflect.Method.invoke(Method.java:567)
at org.testng.internal.MethodInvocationHelper.invokeMethod(MethodInvocationHelper.java:133)
at org.testng.internal.TestInvoker.invokeMethod(TestInvoker.java:598)
at org.testng.internal.TestInvoker.invokeTestMethod(TestInvoker.java:173)
at org.testng.internal.MethodRunner.runInSequence(MethodRunner.java:46)
at org.testng.internal.TestInvoker$MethodInvocationAgent.invoke(TestInvoker.java:824)
at org.testng.internal.TestInvoker.invokeTestMethods(TestInvoker.java:146)
at org.testng.internal.TestMethodWorker.invokeTestMethods(TestMethodWorker.java:146)
at org.testng.internal.TestMethodWorker.run(TestMethodWorker.java:128)
at java.base/java.util.concurrent.ThreadPoolExecutor.runWorker(ThreadPoolExecutor.java:1130)
at java.base/java.util.concurrent.ThreadPoolExecutor$Worker.run(ThreadPoolExecutor.java:630)
at java.base/java.lang.Thread.run(Thread.java:831)
]]>
    </failure>
  </testcase> <!-- validatePlatformOptions -->
  <system-out/>
</testsuite> <!-- com.productsup.platform.tests.NavigationMenuOptionsTest -->
